  AdditiveTerm.cpp
  BOperNode.cpp
  BranchNode.cpp
  EnumerableCollectionNode.cpp
  Differentiator.cpp
  DiffFuncParser.cpp
  DiffOperNode.cpp
  Status.cpp
  ExpNode.cpp
  ExpTree.cpp
  FValueNode.cpp
  IValueNode.cpp
  InternalParser.cpp
  InternalPrinter.cpp
C:\Users\avid2\source\repos\Personal\Avid29\Calc\src\Library\Calculator\InternalPrinter.cpp(49,29): warning C4018: '<': signed/unsigned mismatch
  MultiplicativeTerm.cpp
  NOperNode.cpp
  OperNode.cpp
  PartialStatus.cpp
  Simplify.cpp
  SinusoidalFuncParser.cpp
  Generating Code...
C:\Users\avid2\source\repos\Personal\Avid29\Calc\src\Library\Calculator\InternalParser.cpp(276): warning C4715: 'InternalParser::ParseBracket': not all control paths return a value
C:\Users\avid2\source\repos\Personal\Avid29\Calc\src\Library\Calculator\InternalParser.cpp(376): warning C4715: 'MakeFuncParser': not all control paths return a value
C:\Users\avid2\source\repos\Personal\Avid29\Calc\src\Library\Calculator\DiffFuncParser.cpp(74): warning C4715: 'DiffFuncParser::ParseNextChar': not all control paths return a value
  Compiling...
  VectorParser.cpp
  TensorNode.cpp
  UOperNode.cpp
  ValueNode.cpp
  VarValueNode.cpp
  Calculator.cpp
  Generating Code...
  Calculator.GenericConsole.vcxproj -> C:\Users\avid2\source\repos\Personal\Avid29\Calc\Debug\Calculator.GenericConsole.exe
