  AdditiveTerm.cpp
  BOperNode.cpp
  BranchNode.cpp
  EnumerableCollectionNode.cpp
  Differentiator.cpp
  DiffFuncParser.cpp
  DiffOperNode.cpp
  Evaluator.cpp
  Helper.cpp
  IntegralFuncParser.cpp
  IntegralOperNode.cpp
  Integrator.cpp
C:\Users\avid2\source\repos\Personal\Calc\src\Library\Calculator\Integrator.cpp(140,20): warning C4018: '<': signed/unsigned mismatch
C:\Users\avid2\source\repos\Personal\Calc\src\Library\Calculator\Integrator.cpp(152,20): warning C4018: '<': signed/unsigned mismatch
C:\Users\avid2\source\repos\Personal\Calc\src\Library\Calculator\Integrator.cpp(159,20): warning C4018: '<': signed/unsigned mismatch
C:\Users\avid2\source\repos\Personal\Calc\src\Library\Calculator\Integrator.cpp(165,21): warning C4018: '<': signed/unsigned mismatch
  SinusoidalOperNode.cpp
  Status.cpp
  ExpNode.cpp
  ExpTree.cpp
  FValueNode.cpp
  IValueNode.cpp
  InternalParser.cpp
  InternalPrinter.cpp
C:\Users\avid2\source\repos\Personal\Calc\src\Library\Calculator\InternalPrinter.cpp(59,29): warning C4018: '<': signed/unsigned mismatch
  Generating Code...
C:\Users\avid2\source\repos\Personal\Calc\src\Library\Calculator\InternalParser.cpp(284): warning C4715: 'InternalParser::ParseBracket': not all control paths return a value
C:\Users\avid2\source\repos\Personal\Calc\src\Library\Calculator\InternalParser.cpp(413): warning C4715: 'MakeFuncParser': not all control paths return a value
C:\Users\avid2\source\repos\Personal\Calc\src\Library\Calculator\IntegralFuncParser.cpp(136): warning C4715: 'IntegralFuncParser::ParseNextChar': not all control paths return a value
C:\Users\avid2\source\repos\Personal\Calc\src\Library\Calculator\DiffFuncParser.cpp(74): warning C4715: 'DiffFuncParser::ParseNextChar': not all control paths return a value
  Compiling...
  MultiplicativeTerm.cpp
  NOperNode.cpp
  OperNode.cpp
  PartialStatus.cpp
  Simplify.cpp
  SinusoidalFuncParser.cpp
  VectorParser.cpp
  TensorNode.cpp
  UOperNode.cpp
  ValueNode.cpp
  VarValueNode.cpp
  Calculator.cpp
  Generating Code...
LINK : warning LNK4075: ignoring '/INCREMENTAL' due to '/PROFILE' specification
AdditiveTerm.obj : warning LNK4075: ignoring '/EDITANDCONTINUE' due to '/OPT:REF' specification
  Calculator.GenericConsole.vcxproj -> C:\Users\avid2\source\repos\Personal\Calc\Debug\Calculator.GenericConsole.exe
