c:\users\avid2\source\repos\personal\calc\src\clients\consoles\calculator.genericconsole\debug\vc142.pdb
c:\users\avid2\source\repos\personal\calc\src\clients\consoles\calculator.genericconsole\debug\vc142.idb
c:\users\avid2\source\repos\personal\calc\src\clients\consoles\calculator.genericconsole\debug\internalprinter.obj
c:\users\avid2\source\repos\personal\calc\src\clients\consoles\calculator.genericconsole\debug\internalparser.obj
c:\users\avid2\source\repos\personal\calc\src\clients\consoles\calculator.genericconsole\debug\ivaluenode.obj
c:\users\avid2\source\repos\personal\calc\src\clients\consoles\calculator.genericconsole\debug\fvaluenode.obj
c:\users\avid2\source\repos\personal\calc\src\clients\consoles\calculator.genericconsole\debug\exptree.obj
c:\users\avid2\source\repos\personal\calc\src\clients\consoles\calculator.genericconsole\debug\expnode.obj
c:\users\avid2\source\repos\personal\calc\src\clients\consoles\calculator.genericconsole\debug\status.obj
c:\users\avid2\source\repos\personal\calc\src\clients\consoles\calculator.genericconsole\debug\sinusoidalopernode.obj
c:\users\avid2\source\repos\personal\calc\src\clients\consoles\calculator.genericconsole\debug\integrator.obj
c:\users\avid2\source\repos\personal\calc\src\clients\consoles\calculator.genericconsole\debug\integralopernode.obj
c:\users\avid2\source\repos\personal\calc\src\clients\consoles\calculator.genericconsole\debug\integralfuncparser.obj
c:\users\avid2\source\repos\personal\calc\src\clients\consoles\calculator.genericconsole\debug\helper.obj
c:\users\avid2\source\repos\personal\calc\src\clients\consoles\calculator.genericconsole\debug\evaluator.obj
c:\users\avid2\source\repos\personal\calc\src\clients\consoles\calculator.genericconsole\debug\diffopernode.obj
c:\users\avid2\source\repos\personal\calc\src\clients\consoles\calculator.genericconsole\debug\difffuncparser.obj
c:\users\avid2\source\repos\personal\calc\src\clients\consoles\calculator.genericconsole\debug\differentiator.obj
c:\users\avid2\source\repos\personal\calc\src\clients\consoles\calculator.genericconsole\debug\enumerablecollectionnode.obj
c:\users\avid2\source\repos\personal\calc\src\clients\consoles\calculator.genericconsole\debug\branchnode.obj
c:\users\avid2\source\repos\personal\calc\src\clients\consoles\calculator.genericconsole\debug\bopernode.obj
c:\users\avid2\source\repos\personal\calc\src\clients\consoles\calculator.genericconsole\debug\additiveterm.obj
c:\users\avid2\source\repos\personal\calc\src\clients\consoles\calculator.genericconsole\debug\calculator.obj
c:\users\avid2\source\repos\personal\calc\src\clients\consoles\calculator.genericconsole\debug\varvaluenode.obj
c:\users\avid2\source\repos\personal\calc\src\clients\consoles\calculator.genericconsole\debug\valuenode.obj
c:\users\avid2\source\repos\personal\calc\src\clients\consoles\calculator.genericconsole\debug\uopernode.obj
c:\users\avid2\source\repos\personal\calc\src\clients\consoles\calculator.genericconsole\debug\tensornode.obj
c:\users\avid2\source\repos\personal\calc\src\clients\consoles\calculator.genericconsole\debug\vectorparser.obj
c:\users\avid2\source\repos\personal\calc\src\clients\consoles\calculator.genericconsole\debug\sinusoidalfuncparser.obj
c:\users\avid2\source\repos\personal\calc\src\clients\consoles\calculator.genericconsole\debug\simplify.obj
c:\users\avid2\source\repos\personal\calc\src\clients\consoles\calculator.genericconsole\debug\partialstatus.obj
c:\users\avid2\source\repos\personal\calc\src\clients\consoles\calculator.genericconsole\debug\opernode.obj
c:\users\avid2\source\repos\personal\calc\src\clients\consoles\calculator.genericconsole\debug\nopernode.obj
c:\users\avid2\source\repos\personal\calc\src\clients\consoles\calculator.genericconsole\debug\multiplicativeterm.obj
c:\users\avid2\source\repos\personal\calc\src\clients\consoles\calculator.genericconsole\debug\calculator.genericconsole.ilk
c:\users\avid2\source\repos\personal\calc\debug\calculator.genericconsole.exe
c:\users\avid2\source\repos\personal\calc\debug\calculator.genericconsole.pdb
c:\users\avid2\source\repos\personal\calc\src\clients\consoles\calculator.genericconsole\debug\calculat.8040748e.tlog\cl.command.1.tlog
c:\users\avid2\source\repos\personal\calc\src\clients\consoles\calculator.genericconsole\debug\calculat.8040748e.tlog\cl.read.1.tlog
c:\users\avid2\source\repos\personal\calc\src\clients\consoles\calculator.genericconsole\debug\calculat.8040748e.tlog\cl.write.1.tlog
c:\users\avid2\source\repos\personal\calc\src\clients\consoles\calculator.genericconsole\debug\calculat.8040748e.tlog\link.command.1.tlog
c:\users\avid2\source\repos\personal\calc\src\clients\consoles\calculator.genericconsole\debug\calculat.8040748e.tlog\link.read.1.tlog
c:\users\avid2\source\repos\personal\calc\src\clients\consoles\calculator.genericconsole\debug\calculat.8040748e.tlog\link.write.1.tlog
